<?xml version="1.0" encoding="UTF-8"?>
<Site BuildName="Linux-g++"
	BuildStamp="20251005-0937-Experimental"
	Name="Dream6"
	Generator="ctest-3.28.3"
	CompilerName="/usr/bin/g++"
	CompilerVersion="13.3.0"
	OSName="Linux"
	Hostname="Dream6"
	OSRelease="6.6.87.2-microsoft-standard-WSL2"
	OSVersion="#1 SMP PREEMPT_DYNAMIC Thu Jun  5 18:30:46 UTC 2025"
	OSPlatform="x86_64"
	Is64Bits="1"
	VendorString="AuthenticAMD"
	VendorID="Advanced Micro Devices"
	FamilyID="25"
	ModelID="117"
	ProcessorCacheSize="1024"
	NumberOfLogicalCPU="16"
	NumberOfPhysicalCPU="8"
	TotalVirtualMemory="4096"
	TotalPhysicalMemory="15642"
	LogicalProcessorsPerPhysical="2"
	ProcessorClockFrequency="3293.82"
	>
	<Testing>
		<StartDateTime>Oct 05 21:28 +03</StartDateTime>
		<StartTestTime>1759688886</StartTestTime>
		<TestList/>
		<EndDateTime>Oct 05 21:28 +03</EndDateTime>
		<EndTestTime>1759688886</EndTestTime>
		<ElapsedMinutes>0</ElapsedMinutes>
	</Testing>
</Site>
